<?xml version="1.0" encoding="UTF-8"?>
<!-- Generated by org.testng.reporters.JUnitReportReporter -->
<testsuite skipped="0" hostname="suman" name="api.test.UserTests2" tests="8" failures="0" timestamp="2024-01-28T17:24:33 CST" time="17.724" errors="1">
  <testcase name="testPostUser" time="9.982" classname="api.test.UserTests2"/>
  <system-out/>
  <testcase name="createListOfUserWithArray" time="4.129" classname="api.test.UserTests2"/>
  <system-out/>
  <testcase name="createListOfUserWithList" time="0.008" classname="api.test.UserTests2">
    <error type="java.util.MissingResourceException" message="Can&#039;t find resource for bundle java.util.PropertyResourceBundle, key post1_url">
      <![CDATA[java.util.MissingResourceException: Can't find resource for bundle java.util.PropertyResourceBundle, key post1_url
at java.util.ResourceBundle.getObject(ResourceBundle.java:450)
at java.util.ResourceBundle.getString(ResourceBundle.java:407)
at api.endPoints.UserEndPoints2.createUser2(UserEndPoints2.java:38)
at api.test.UserTests2.createListOfUserWithList(UserTests2.java:143)
at sun.reflect.NativeMethodAccessorImpl.invoke0(Native Method)
at sun.reflect.NativeMethodAccessorImpl.invoke(NativeMethodAccessorImpl.java:62)
at sun.reflect.DelegatingMethodAccessorImpl.invoke(DelegatingMethodAccessorImpl.java:43)
at java.lang.reflect.Method.invoke(Method.java:498)
at org.testng.internal.MethodInvocationHelper.invokeMethod(MethodInvocationHelper.java:133)
at org.testng.internal.TestInvoker.invokeMethod(TestInvoker.java:598)
at org.testng.internal.TestInvoker.invokeTestMethod(TestInvoker.java:173)
at org.testng.internal.MethodRunner.runInSequence(MethodRunner.java:46)
at org.testng.internal.TestInvoker$MethodInvocationAgent.invoke(TestInvoker.java:824)
at org.testng.internal.TestInvoker.invokeTestMethods(TestInvoker.java:146)
at org.testng.internal.TestMethodWorker.invokeTestMethods(TestMethodWorker.java:146)
at org.testng.internal.TestMethodWorker.run(TestMethodWorker.java:128)
at java.util.ArrayList.forEach(ArrayList.java:1249)
at org.testng.TestRunner.privateRun(TestRunner.java:794)
at org.testng.TestRunner.run(TestRunner.java:596)
at org.testng.SuiteRunner.runTest(SuiteRunner.java:377)
at org.testng.SuiteRunner.runSequentially(SuiteRunner.java:371)
at org.testng.SuiteRunner.privateRun(SuiteRunner.java:332)
at org.testng.SuiteRunner.run(SuiteRunner.java:276)
at org.testng.SuiteRunnerWorker.runSuite(SuiteRunnerWorker.java:53)
at org.testng.SuiteRunnerWorker.run(SuiteRunnerWorker.java:96)
at org.testng.TestNG.runSuitesSequentially(TestNG.java:1212)
at org.testng.TestNG.runSuitesLocally(TestNG.java:1134)
at org.testng.TestNG.runSuites(TestNG.java:1063)
at org.testng.TestNG.run(TestNG.java:1031)
at org.apache.maven.surefire.testng.TestNGExecutor.run(TestNGExecutor.java:308)
at org.apache.maven.surefire.testng.TestNGXmlTestSuite.execute(TestNGXmlTestSuite.java:71)
at org.apache.maven.surefire.testng.TestNGProvider.invoke(TestNGProvider.java:113)
at org.apache.maven.surefire.booter.ForkedBooter.runSuitesInProcess(ForkedBooter.java:385)
at org.apache.maven.surefire.booter.ForkedBooter.execute(ForkedBooter.java:162)
at org.apache.maven.surefire.booter.ForkedBooter.run(ForkedBooter.java:507)
at org.apache.maven.surefire.booter.ForkedBooter.main(ForkedBooter.java:495)
]]>
    </error>
  </testcase> <!-- createListOfUserWithList -->
  <system-out/>
  <testcase name="testGetUserByName" time="1.673" classname="api.test.UserTests2"/>
  <system-out/>
  <testcase name="logUserIntoTheSystem" time="0.524" classname="api.test.UserTests2"/>
  <system-out/>
  <testcase name="logOut" time="0.285" classname="api.test.UserTests2"/>
  <system-out/>
  <testcase name="testUpdateUswrByName" time="0.856" classname="api.test.UserTests2"/>
  <system-out/>
  <testcase name="testDeleteUserByName" time="0.267" classname="api.test.UserTests2"/>
  <system-out/>
</testsuite> <!-- api.test.UserTests2 -->
